[2024-11-05 02:30:09] [INFO]    [OmnipathR] Welcome to OmnipathR!
[2024-11-05 02:30:09] [TRACE]   [OmnipathR] Reading JSON from `/Users/veronikapak/Library/Caches/OmnipathR/cache.json` (encoding: UTF-8).
[2024-11-05 02:30:09] [TRACE]   [OmnipathR] JSON validation successful: TRUE
[2024-11-05 02:30:09] [INFO]    [OmnipathR] Initialized cache: `/Users/veronikapak/Library/Caches/OmnipathR`.
[2024-11-05 02:30:09] [TRACE]   [OmnipathR] Reading JSON from `/Library/Frameworks/R.framework/Versions/4.3-arm64/Resources/library/OmnipathR/db/db_def.json` (encoding: UTF-8).
[2024-11-05 02:30:09] [TRACE]   [OmnipathR] JSON validation successful: TRUE
[2024-11-05 02:30:09] [TRACE]   [OmnipathR] Reading JSON from `/Library/Frameworks/R.framework/Versions/4.3-arm64/Resources/library/OmnipathR/internal/magic_bytes.json` (encoding: UTF-8).
[2024-11-05 02:30:09] [TRACE]   [OmnipathR] JSON validation successful: TRUE
[2024-11-05 02:30:09] [TRACE]   [OmnipathR] Reading JSON from `/Library/Frameworks/R.framework/Versions/4.3-arm64/Resources/library/OmnipathR/internal/urls.json` (encoding: UTF-8).
[2024-11-05 02:30:09] [TRACE]   [OmnipathR] JSON validation successful: TRUE
[2024-11-05 02:30:09] [TRACE]   [OmnipathR] Reading JSON from `/Library/Frameworks/R.framework/Versions/4.3-arm64/Resources/library/OmnipathR/internal/id_types.json` (encoding: UTF-8).
[2024-11-05 02:30:09] [TRACE]   [OmnipathR] JSON validation successful: TRUE
[2024-11-05 02:30:20] [INFO]    [OmnipathR] Welcome to OmnipathR!
[2024-11-05 02:30:20] [TRACE]   [OmnipathR] Reading JSON from `/Users/veronikapak/Library/Caches/OmnipathR/cache.json` (encoding: UTF-8).
[2024-11-05 02:30:20] [TRACE]   [OmnipathR] JSON validation successful: TRUE
[2024-11-05 02:30:20] [INFO]    [OmnipathR] Initialized cache: `/Users/veronikapak/Library/Caches/OmnipathR`.
[2024-11-05 02:30:20] [TRACE]   [OmnipathR] Reading JSON from `/Library/Frameworks/R.framework/Versions/4.3-arm64/Resources/library/OmnipathR/db/db_def.json` (encoding: UTF-8).
[2024-11-05 02:30:20] [TRACE]   [OmnipathR] JSON validation successful: TRUE
[2024-11-05 02:30:20] [TRACE]   [OmnipathR] Reading JSON from `/Library/Frameworks/R.framework/Versions/4.3-arm64/Resources/library/OmnipathR/internal/magic_bytes.json` (encoding: UTF-8).
[2024-11-05 02:30:20] [TRACE]   [OmnipathR] JSON validation successful: TRUE
[2024-11-05 02:30:20] [TRACE]   [OmnipathR] Reading JSON from `/Library/Frameworks/R.framework/Versions/4.3-arm64/Resources/library/OmnipathR/internal/urls.json` (encoding: UTF-8).
[2024-11-05 02:30:20] [TRACE]   [OmnipathR] JSON validation successful: TRUE
[2024-11-05 02:30:20] [TRACE]   [OmnipathR] Reading JSON from `/Library/Frameworks/R.framework/Versions/4.3-arm64/Resources/library/OmnipathR/internal/id_types.json` (encoding: UTF-8).
[2024-11-05 02:30:20] [TRACE]   [OmnipathR] JSON validation successful: TRUE
[2024-11-05 02:30:23] [TRACE]   [OmnipathR] Reading JSON from `https://omnipathdb.org/resources` (encoding: UTF-8).
[2024-11-05 02:30:23] [TRACE]   [OmnipathR] JSON validation successful: TRUE
[2024-11-05 02:30:23] [INFO]    [OmnipathR] Loading database `Ensembl and OMA organism names`.
[2024-11-05 02:30:23] [INFO]    [OmnipathR] Looking up in cache `https://www.ensembl.org/info/about/species.html`: key=7332486db7400730697234bad76ca0c8e4d00799, latest version=1.
[2024-11-05 02:30:23] [TRACE]   [OmnipathR] Cache file path: /Users/veronikapak/Library/Caches/OmnipathR/7332486db7400730697234bad76ca0c8e4d00799-1.html
[2024-11-05 02:30:23] [TRACE]   [OmnipathR] Looking up in cache: `https://omabrowser.org/All/oma-species.txt`.
[2024-11-05 02:30:23] [TRACE]   [OmnipathR] Loaded data from RDS `/Users/veronikapak/Library/Caches/OmnipathR/30e690cbb55dfc63b5903ab337f34ffc2f4be397-1.rds`.
[2024-11-05 02:30:23] [INFO]    [OmnipathR] Loaded database `Ensembl and OMA organism names`.
[2024-11-05 02:30:24] [TRACE]   [OmnipathR] Reading JSON from `https://omnipathdb.org/resources` (encoding: UTF-8).
[2024-11-05 02:30:24] [TRACE]   [OmnipathR] JSON validation successful: TRUE
[2024-11-05 02:30:24] [TRACE]   [OmnipathR] Looking up in cache: `https://omnipathdb.org/annotations?resources=PanglaoDB&license=academic`
[2024-11-05 02:30:24] [TRACE]   [OmnipathR] Loaded data from RDS `/Users/veronikapak/Library/Caches/OmnipathR/2fd62201e8a0e03a9c4b5db174e29c6ffd074aaf-1.rds`.
[2024-11-05 02:30:24] [INFO]    [OmnipathR] Loaded from cache: `https://omnipathdb.org/annotations?resources=PanglaoDB&license=academic`
[2024-11-05 02:30:24] [SUCCESS] [OmnipathR] Loaded 109993 annotation records from cache.
[2024-11-05 02:34:04] [TRACE]   [OmnipathR] Reading JSON from `https://omnipathdb.org/resources` (encoding: UTF-8).
[2024-11-05 02:34:04] [TRACE]   [OmnipathR] JSON validation successful: TRUE
[2024-11-05 02:34:05] [TRACE]   [OmnipathR] Reading JSON from `https://omnipathdb.org/resources` (encoding: UTF-8).
[2024-11-05 02:34:05] [TRACE]   [OmnipathR] JSON validation successful: TRUE
[2024-11-05 02:34:05] [TRACE]   [OmnipathR] Looking up in cache: `https://omnipathdb.org/annotations?resources=PanglaoDB&license=academic`
[2024-11-05 02:34:05] [TRACE]   [OmnipathR] Loaded data from RDS `/Users/veronikapak/Library/Caches/OmnipathR/2fd62201e8a0e03a9c4b5db174e29c6ffd074aaf-1.rds`.
[2024-11-05 02:34:05] [INFO]    [OmnipathR] Loaded from cache: `https://omnipathdb.org/annotations?resources=PanglaoDB&license=academic`
[2024-11-05 02:34:05] [SUCCESS] [OmnipathR] Loaded 109993 annotation records from cache.
[2024-11-05 05:46:36] [TRACE]   [OmnipathR] Removing database `Ensembl and OMA organism names` (not used in the past 10800 seconds)
[2024-11-05 23:01:54] [TRACE]   [OmnipathR] Reading JSON from `https://omnipathdb.org/resources` (encoding: UTF-8).
[2024-11-05 23:01:54] [TRACE]   [OmnipathR] JSON validation successful: TRUE
[2024-11-05 23:01:55] [INFO]    [OmnipathR] Loading database `Ensembl and OMA organism names`.
[2024-11-05 23:01:55] [INFO]    [OmnipathR] Looking up in cache `https://www.ensembl.org/info/about/species.html`: key=7332486db7400730697234bad76ca0c8e4d00799, latest version=1.
[2024-11-05 23:01:55] [TRACE]   [OmnipathR] Cache file path: /Users/veronikapak/Library/Caches/OmnipathR/7332486db7400730697234bad76ca0c8e4d00799-1.html
[2024-11-05 23:01:55] [TRACE]   [OmnipathR] Looking up in cache: `https://omabrowser.org/All/oma-species.txt`.
[2024-11-05 23:01:55] [TRACE]   [OmnipathR] Loaded data from RDS `/Users/veronikapak/Library/Caches/OmnipathR/30e690cbb55dfc63b5903ab337f34ffc2f4be397-1.rds`.
[2024-11-05 23:01:55] [INFO]    [OmnipathR] Loaded database `Ensembl and OMA organism names`.
[2024-11-05 23:01:56] [TRACE]   [OmnipathR] Reading JSON from `https://omnipathdb.org/resources` (encoding: UTF-8).
[2024-11-05 23:01:56] [TRACE]   [OmnipathR] JSON validation successful: TRUE
[2024-11-05 23:01:56] [TRACE]   [OmnipathR] Looking up in cache: `https://omnipathdb.org/annotations?resources=PanglaoDB&license=academic`
[2024-11-05 23:01:56] [TRACE]   [OmnipathR] Loaded data from RDS `/Users/veronikapak/Library/Caches/OmnipathR/2fd62201e8a0e03a9c4b5db174e29c6ffd074aaf-1.rds`.
[2024-11-05 23:01:56] [INFO]    [OmnipathR] Loaded from cache: `https://omnipathdb.org/annotations?resources=PanglaoDB&license=academic`
[2024-11-05 23:01:56] [SUCCESS] [OmnipathR] Loaded 109993 annotation records from cache.
[2024-11-06 02:08:47] [TRACE]   [OmnipathR] Removing database `Ensembl and OMA organism names` (not used in the past 10800 seconds)
[2024-11-06 22:59:48] [TRACE]   [OmnipathR] Reading JSON from `https://omnipathdb.org/resources` (encoding: UTF-8).
[2024-11-06 22:59:48] [TRACE]   [OmnipathR] JSON validation successful: TRUE
[2024-11-06 22:59:49] [INFO]    [OmnipathR] Loading database `Ensembl and OMA organism names`.
[2024-11-06 22:59:49] [INFO]    [OmnipathR] Looking up in cache `https://www.ensembl.org/info/about/species.html`: key=7332486db7400730697234bad76ca0c8e4d00799, latest version=1.
[2024-11-06 22:59:49] [TRACE]   [OmnipathR] Cache file path: /Users/veronikapak/Library/Caches/OmnipathR/7332486db7400730697234bad76ca0c8e4d00799-1.html
[2024-11-06 22:59:49] [TRACE]   [OmnipathR] Looking up in cache: `https://omabrowser.org/All/oma-species.txt`.
[2024-11-06 22:59:49] [TRACE]   [OmnipathR] Loaded data from RDS `/Users/veronikapak/Library/Caches/OmnipathR/30e690cbb55dfc63b5903ab337f34ffc2f4be397-1.rds`.
[2024-11-06 22:59:49] [INFO]    [OmnipathR] Loaded database `Ensembl and OMA organism names`.
[2024-11-06 22:59:50] [TRACE]   [OmnipathR] Reading JSON from `https://omnipathdb.org/resources` (encoding: UTF-8).
[2024-11-06 22:59:50] [TRACE]   [OmnipathR] JSON validation successful: TRUE
[2024-11-06 22:59:50] [TRACE]   [OmnipathR] Looking up in cache: `https://omnipathdb.org/annotations?resources=PanglaoDB&license=academic`
[2024-11-06 22:59:50] [TRACE]   [OmnipathR] Loaded data from RDS `/Users/veronikapak/Library/Caches/OmnipathR/2fd62201e8a0e03a9c4b5db174e29c6ffd074aaf-1.rds`.
[2024-11-06 22:59:50] [INFO]    [OmnipathR] Loaded from cache: `https://omnipathdb.org/annotations?resources=PanglaoDB&license=academic`
[2024-11-06 22:59:50] [SUCCESS] [OmnipathR] Loaded 109993 annotation records from cache.
