[2025-03-03 15:18:23] [INFO]    [OmnipathR] Welcome to OmnipathR!
[2025-03-03 15:18:23] [TRACE]   [OmnipathR] Reading JSON from `/Users/veronikapak/Library/Caches/OmnipathR/cache.json` (encoding: UTF-8).
[2025-03-03 15:18:23] [TRACE]   [OmnipathR] JSON validation successful: TRUE
[2025-03-03 15:18:23] [INFO]    [OmnipathR] Initialized cache: `/Users/veronikapak/Library/Caches/OmnipathR`.
[2025-03-03 15:18:23] [TRACE]   [OmnipathR] Reading JSON from `/Library/Frameworks/R.framework/Versions/4.3-arm64/Resources/library/OmnipathR/db/db_def.json` (encoding: UTF-8).
[2025-03-03 15:18:23] [TRACE]   [OmnipathR] JSON validation successful: TRUE
[2025-03-03 15:18:23] [TRACE]   [OmnipathR] Reading JSON from `/Library/Frameworks/R.framework/Versions/4.3-arm64/Resources/library/OmnipathR/internal/magic_bytes.json` (encoding: UTF-8).
[2025-03-03 15:18:23] [TRACE]   [OmnipathR] JSON validation successful: TRUE
[2025-03-03 15:18:23] [TRACE]   [OmnipathR] Reading JSON from `/Library/Frameworks/R.framework/Versions/4.3-arm64/Resources/library/OmnipathR/internal/urls.json` (encoding: UTF-8).
[2025-03-03 15:18:23] [TRACE]   [OmnipathR] JSON validation successful: TRUE
[2025-03-03 15:18:23] [TRACE]   [OmnipathR] Reading JSON from `/Library/Frameworks/R.framework/Versions/4.3-arm64/Resources/library/OmnipathR/internal/id_types.json` (encoding: UTF-8).
[2025-03-03 15:18:23] [TRACE]   [OmnipathR] JSON validation successful: TRUE
[2025-03-03 15:18:26] [INFO]    [OmnipathR] Welcome to OmnipathR!
[2025-03-03 15:18:26] [TRACE]   [OmnipathR] Reading JSON from `/Users/veronikapak/Library/Caches/OmnipathR/cache.json` (encoding: UTF-8).
[2025-03-03 15:18:26] [TRACE]   [OmnipathR] JSON validation successful: TRUE
[2025-03-03 15:18:26] [INFO]    [OmnipathR] Initialized cache: `/Users/veronikapak/Library/Caches/OmnipathR`.
[2025-03-03 15:18:26] [TRACE]   [OmnipathR] Reading JSON from `/Library/Frameworks/R.framework/Versions/4.3-arm64/Resources/library/OmnipathR/db/db_def.json` (encoding: UTF-8).
[2025-03-03 15:18:26] [TRACE]   [OmnipathR] JSON validation successful: TRUE
[2025-03-03 15:18:26] [TRACE]   [OmnipathR] Reading JSON from `/Library/Frameworks/R.framework/Versions/4.3-arm64/Resources/library/OmnipathR/internal/magic_bytes.json` (encoding: UTF-8).
[2025-03-03 15:18:26] [TRACE]   [OmnipathR] JSON validation successful: TRUE
[2025-03-03 15:18:26] [TRACE]   [OmnipathR] Reading JSON from `/Library/Frameworks/R.framework/Versions/4.3-arm64/Resources/library/OmnipathR/internal/urls.json` (encoding: UTF-8).
[2025-03-03 15:18:26] [TRACE]   [OmnipathR] JSON validation successful: TRUE
[2025-03-03 15:18:26] [TRACE]   [OmnipathR] Reading JSON from `/Library/Frameworks/R.framework/Versions/4.3-arm64/Resources/library/OmnipathR/internal/id_types.json` (encoding: UTF-8).
[2025-03-03 15:18:26] [TRACE]   [OmnipathR] JSON validation successful: TRUE
