[2024-10-02 18:12:25] [INFO]    [OmnipathR] Welcome to OmnipathR!
[2024-10-02 18:12:25] [TRACE]   [OmnipathR] Reading JSON from `/Users/veronikapak/Library/Caches/OmnipathR/cache.json` (encoding: UTF-8).
[2024-10-02 18:12:25] [TRACE]   [OmnipathR] JSON validation successful: TRUE
[2024-10-02 18:12:25] [INFO]    [OmnipathR] Initialized cache: `/Users/veronikapak/Library/Caches/OmnipathR`.
[2024-10-02 18:12:25] [TRACE]   [OmnipathR] Reading JSON from `/Library/Frameworks/R.framework/Versions/4.3-arm64/Resources/library/OmnipathR/db/db_def.json` (encoding: UTF-8).
[2024-10-02 18:12:25] [TRACE]   [OmnipathR] JSON validation successful: TRUE
[2024-10-02 18:12:25] [TRACE]   [OmnipathR] Reading JSON from `/Library/Frameworks/R.framework/Versions/4.3-arm64/Resources/library/OmnipathR/internal/magic_bytes.json` (encoding: UTF-8).
[2024-10-02 18:12:25] [TRACE]   [OmnipathR] JSON validation successful: TRUE
[2024-10-02 18:12:25] [TRACE]   [OmnipathR] Reading JSON from `/Library/Frameworks/R.framework/Versions/4.3-arm64/Resources/library/OmnipathR/internal/urls.json` (encoding: UTF-8).
[2024-10-02 18:12:25] [TRACE]   [OmnipathR] JSON validation successful: TRUE
[2024-10-02 18:12:25] [TRACE]   [OmnipathR] Reading JSON from `/Library/Frameworks/R.framework/Versions/4.3-arm64/Resources/library/OmnipathR/internal/id_types.json` (encoding: UTF-8).
[2024-10-02 18:12:25] [TRACE]   [OmnipathR] JSON validation successful: TRUE
[2024-10-02 18:13:41] [TRACE]   [OmnipathR] Reading JSON from `https://omnipathdb.org/resources` (encoding: UTF-8).
[2024-10-02 18:13:41] [TRACE]   [OmnipathR] JSON validation successful: TRUE
[2024-10-02 18:13:41] [INFO]    [OmnipathR] Loading database `Ensembl and OMA organism names`.
[2024-10-02 18:13:41] [INFO]    [OmnipathR] Looking up in cache `https://www.ensembl.org/info/about/species.html`: key=7332486db7400730697234bad76ca0c8e4d00799, latest version=1.
[2024-10-02 18:13:41] [TRACE]   [OmnipathR] Cache file path: /Users/veronikapak/Library/Caches/OmnipathR/7332486db7400730697234bad76ca0c8e4d00799-1.html
[2024-10-02 18:13:42] [TRACE]   [OmnipathR] Looking up in cache: `https://omabrowser.org/All/oma-species.txt`.
[2024-10-02 18:13:42] [TRACE]   [OmnipathR] Loaded data from RDS `/Users/veronikapak/Library/Caches/OmnipathR/30e690cbb55dfc63b5903ab337f34ffc2f4be397-1.rds`.
[2024-10-02 18:13:42] [INFO]    [OmnipathR] Loaded database `Ensembl and OMA organism names`.
[2024-10-02 18:13:42] [TRACE]   [OmnipathR] Reading JSON from `https://omnipathdb.org/resources` (encoding: UTF-8).
[2024-10-02 18:13:42] [TRACE]   [OmnipathR] JSON validation successful: TRUE
[2024-10-02 18:13:42] [TRACE]   [OmnipathR] Looking up in cache: `https://omnipathdb.org/annotations?resources=PanglaoDB&license=academic`
[2024-10-02 18:13:42] [TRACE]   [OmnipathR] Loaded data from RDS `/Users/veronikapak/Library/Caches/OmnipathR/2fd62201e8a0e03a9c4b5db174e29c6ffd074aaf-1.rds`.
[2024-10-02 18:13:42] [INFO]    [OmnipathR] Loaded from cache: `https://omnipathdb.org/annotations?resources=PanglaoDB&license=academic`
[2024-10-02 18:13:42] [SUCCESS] [OmnipathR] Loaded 109993 annotation records from cache.
