[2024-09-28 19:35:46] [INFO]    [OmnipathR] Welcome to OmnipathR!
[2024-09-28 19:35:46] [TRACE]   [OmnipathR] Reading JSON from `/Users/veronikapak/Library/Caches/OmnipathR/cache.json` (encoding: UTF-8).
[2024-09-28 19:35:46] [TRACE]   [OmnipathR] JSON validation successful: TRUE
[2024-09-28 19:35:46] [INFO]    [OmnipathR] Initialized cache: `/Users/veronikapak/Library/Caches/OmnipathR`.
[2024-09-28 19:35:46] [TRACE]   [OmnipathR] Reading JSON from `/Library/Frameworks/R.framework/Versions/4.3-arm64/Resources/library/OmnipathR/db/db_def.json` (encoding: UTF-8).
[2024-09-28 19:35:46] [TRACE]   [OmnipathR] JSON validation successful: TRUE
[2024-09-28 19:35:46] [TRACE]   [OmnipathR] Reading JSON from `/Library/Frameworks/R.framework/Versions/4.3-arm64/Resources/library/OmnipathR/internal/magic_bytes.json` (encoding: UTF-8).
[2024-09-28 19:35:46] [TRACE]   [OmnipathR] JSON validation successful: TRUE
[2024-09-28 19:35:46] [TRACE]   [OmnipathR] Reading JSON from `/Library/Frameworks/R.framework/Versions/4.3-arm64/Resources/library/OmnipathR/internal/urls.json` (encoding: UTF-8).
[2024-09-28 19:35:46] [TRACE]   [OmnipathR] JSON validation successful: TRUE
[2024-09-28 19:35:46] [TRACE]   [OmnipathR] Reading JSON from `/Library/Frameworks/R.framework/Versions/4.3-arm64/Resources/library/OmnipathR/internal/id_types.json` (encoding: UTF-8).
[2024-09-28 19:35:46] [TRACE]   [OmnipathR] JSON validation successful: TRUE
[2024-09-28 19:54:16] [TRACE]   [OmnipathR] Reading JSON from `https://omnipathdb.org/resources` (encoding: UTF-8).
[2024-09-28 19:54:16] [TRACE]   [OmnipathR] JSON validation successful: TRUE
[2024-09-28 19:54:16] [INFO]    [OmnipathR] Loading database `Ensembl and OMA organism names`.
[2024-09-28 19:54:16] [INFO]    [OmnipathR] Looking up in cache `https://www.ensembl.org/info/about/species.html`: key=7332486db7400730697234bad76ca0c8e4d00799, latest version=1.
[2024-09-28 19:54:16] [TRACE]   [OmnipathR] Cache file path: /Users/veronikapak/Library/Caches/OmnipathR/7332486db7400730697234bad76ca0c8e4d00799-1.html
[2024-09-28 19:54:16] [TRACE]   [OmnipathR] Looking up in cache: `https://omabrowser.org/All/oma-species.txt`.
[2024-09-28 19:54:16] [TRACE]   [OmnipathR] Loaded data from RDS `/Users/veronikapak/Library/Caches/OmnipathR/30e690cbb55dfc63b5903ab337f34ffc2f4be397-1.rds`.
[2024-09-28 19:54:16] [INFO]    [OmnipathR] Loaded database `Ensembl and OMA organism names`.
[2024-09-28 19:54:17] [TRACE]   [OmnipathR] Reading JSON from `https://omnipathdb.org/resources` (encoding: UTF-8).
[2024-09-28 19:54:17] [TRACE]   [OmnipathR] JSON validation successful: TRUE
[2024-09-28 19:54:17] [TRACE]   [OmnipathR] Looking up in cache: `https://omnipathdb.org/annotations?resources=PanglaoDB&license=academic`
[2024-09-28 19:54:17] [TRACE]   [OmnipathR] Loaded data from RDS `/Users/veronikapak/Library/Caches/OmnipathR/2fd62201e8a0e03a9c4b5db174e29c6ffd074aaf-1.rds`.
[2024-09-28 19:54:17] [INFO]    [OmnipathR] Loaded from cache: `https://omnipathdb.org/annotations?resources=PanglaoDB&license=academic`
[2024-09-28 19:54:17] [SUCCESS] [OmnipathR] Loaded 109993 annotation records from cache.
[2024-09-28 19:57:18] [TRACE]   [OmnipathR] Reading JSON from `https://omnipathdb.org/resources` (encoding: UTF-8).
[2024-09-28 19:57:18] [TRACE]   [OmnipathR] JSON validation successful: TRUE
[2024-09-28 19:57:19] [TRACE]   [OmnipathR] Reading JSON from `https://omnipathdb.org/resources` (encoding: UTF-8).
[2024-09-28 19:57:19] [TRACE]   [OmnipathR] JSON validation successful: TRUE
[2024-09-28 19:57:19] [TRACE]   [OmnipathR] Looking up in cache: `https://omnipathdb.org/annotations?resources=PanglaoDB&license=academic`
[2024-09-28 19:57:19] [TRACE]   [OmnipathR] Loaded data from RDS `/Users/veronikapak/Library/Caches/OmnipathR/2fd62201e8a0e03a9c4b5db174e29c6ffd074aaf-1.rds`.
[2024-09-28 19:57:19] [INFO]    [OmnipathR] Loaded from cache: `https://omnipathdb.org/annotations?resources=PanglaoDB&license=academic`
[2024-09-28 19:57:19] [SUCCESS] [OmnipathR] Loaded 109993 annotation records from cache.
[2024-09-28 19:59:54] [TRACE]   [OmnipathR] Reading JSON from `https://omnipathdb.org/resources` (encoding: UTF-8).
[2024-09-28 19:59:54] [TRACE]   [OmnipathR] JSON validation successful: TRUE
[2024-09-28 19:59:54] [TRACE]   [OmnipathR] Reading JSON from `https://omnipathdb.org/resources` (encoding: UTF-8).
[2024-09-28 19:59:54] [TRACE]   [OmnipathR] JSON validation successful: TRUE
[2024-09-28 19:59:54] [TRACE]   [OmnipathR] Looking up in cache: `https://omnipathdb.org/annotations?resources=PanglaoDB&license=academic`
[2024-09-28 19:59:55] [TRACE]   [OmnipathR] Loaded data from RDS `/Users/veronikapak/Library/Caches/OmnipathR/2fd62201e8a0e03a9c4b5db174e29c6ffd074aaf-1.rds`.
[2024-09-28 19:59:55] [INFO]    [OmnipathR] Loaded from cache: `https://omnipathdb.org/annotations?resources=PanglaoDB&license=academic`
[2024-09-28 19:59:55] [SUCCESS] [OmnipathR] Loaded 109993 annotation records from cache.
[2024-09-28 20:10:12] [TRACE]   [OmnipathR] Reading JSON from `https://omnipathdb.org/resources` (encoding: UTF-8).
[2024-09-28 20:10:12] [TRACE]   [OmnipathR] JSON validation successful: TRUE
[2024-09-28 20:10:13] [TRACE]   [OmnipathR] Reading JSON from `https://omnipathdb.org/resources` (encoding: UTF-8).
[2024-09-28 20:10:13] [TRACE]   [OmnipathR] JSON validation successful: TRUE
[2024-09-28 20:10:13] [TRACE]   [OmnipathR] Looking up in cache: `https://omnipathdb.org/annotations?resources=PanglaoDB&license=academic`
[2024-09-28 20:10:14] [TRACE]   [OmnipathR] Loaded data from RDS `/Users/veronikapak/Library/Caches/OmnipathR/2fd62201e8a0e03a9c4b5db174e29c6ffd074aaf-1.rds`.
[2024-09-28 20:10:14] [INFO]    [OmnipathR] Loaded from cache: `https://omnipathdb.org/annotations?resources=PanglaoDB&license=academic`
[2024-09-28 20:10:14] [SUCCESS] [OmnipathR] Loaded 109993 annotation records from cache.
[2024-09-28 20:14:53] [TRACE]   [OmnipathR] Reading JSON from `https://omnipathdb.org/resources` (encoding: UTF-8).
[2024-09-28 20:14:53] [TRACE]   [OmnipathR] JSON validation successful: TRUE
[2024-09-28 20:14:54] [TRACE]   [OmnipathR] Reading JSON from `https://omnipathdb.org/resources` (encoding: UTF-8).
[2024-09-28 20:14:54] [TRACE]   [OmnipathR] JSON validation successful: TRUE
[2024-09-28 20:14:54] [TRACE]   [OmnipathR] Looking up in cache: `https://omnipathdb.org/annotations?resources=PanglaoDB&license=academic`
[2024-09-28 20:14:54] [TRACE]   [OmnipathR] Loaded data from RDS `/Users/veronikapak/Library/Caches/OmnipathR/2fd62201e8a0e03a9c4b5db174e29c6ffd074aaf-1.rds`.
[2024-09-28 20:14:54] [INFO]    [OmnipathR] Loaded from cache: `https://omnipathdb.org/annotations?resources=PanglaoDB&license=academic`
[2024-09-28 20:14:54] [SUCCESS] [OmnipathR] Loaded 109993 annotation records from cache.
[2024-09-28 20:23:55] [TRACE]   [OmnipathR] Reading JSON from `https://omnipathdb.org/resources` (encoding: UTF-8).
[2024-09-28 20:23:55] [TRACE]   [OmnipathR] JSON validation successful: TRUE
[2024-09-28 20:23:56] [TRACE]   [OmnipathR] Reading JSON from `https://omnipathdb.org/resources` (encoding: UTF-8).
[2024-09-28 20:23:56] [TRACE]   [OmnipathR] JSON validation successful: TRUE
[2024-09-28 20:23:56] [TRACE]   [OmnipathR] Looking up in cache: `https://omnipathdb.org/annotations?resources=PanglaoDB&license=academic`
[2024-09-28 20:23:56] [TRACE]   [OmnipathR] Loaded data from RDS `/Users/veronikapak/Library/Caches/OmnipathR/2fd62201e8a0e03a9c4b5db174e29c6ffd074aaf-1.rds`.
[2024-09-28 20:23:56] [INFO]    [OmnipathR] Loaded from cache: `https://omnipathdb.org/annotations?resources=PanglaoDB&license=academic`
[2024-09-28 20:23:56] [SUCCESS] [OmnipathR] Loaded 109993 annotation records from cache.
[2024-09-28 20:55:22] [TRACE]   [OmnipathR] Reading JSON from `https://omnipathdb.org/resources` (encoding: UTF-8).
[2024-09-28 20:55:22] [TRACE]   [OmnipathR] JSON validation successful: TRUE
[2024-09-28 20:55:23] [TRACE]   [OmnipathR] Reading JSON from `https://omnipathdb.org/resources` (encoding: UTF-8).
[2024-09-28 20:55:23] [TRACE]   [OmnipathR] JSON validation successful: TRUE
[2024-09-28 20:55:23] [TRACE]   [OmnipathR] Looking up in cache: `https://omnipathdb.org/annotations?resources=PanglaoDB&license=academic`
[2024-09-28 20:55:23] [TRACE]   [OmnipathR] Loaded data from RDS `/Users/veronikapak/Library/Caches/OmnipathR/2fd62201e8a0e03a9c4b5db174e29c6ffd074aaf-1.rds`.
[2024-09-28 20:55:23] [INFO]    [OmnipathR] Loaded from cache: `https://omnipathdb.org/annotations?resources=PanglaoDB&license=academic`
[2024-09-28 20:55:23] [SUCCESS] [OmnipathR] Loaded 109993 annotation records from cache.
[2024-09-28 21:25:17] [TRACE]   [OmnipathR] Reading JSON from `https://omnipathdb.org/resources` (encoding: UTF-8).
[2024-09-28 21:25:17] [TRACE]   [OmnipathR] JSON validation successful: TRUE
[2024-09-28 21:25:18] [TRACE]   [OmnipathR] Reading JSON from `https://omnipathdb.org/resources` (encoding: UTF-8).
[2024-09-28 21:25:18] [TRACE]   [OmnipathR] JSON validation successful: TRUE
[2024-09-28 21:25:18] [TRACE]   [OmnipathR] Looking up in cache: `https://omnipathdb.org/annotations?resources=PanglaoDB&license=academic`
[2024-09-28 21:25:18] [TRACE]   [OmnipathR] Loaded data from RDS `/Users/veronikapak/Library/Caches/OmnipathR/2fd62201e8a0e03a9c4b5db174e29c6ffd074aaf-1.rds`.
[2024-09-28 21:25:18] [INFO]    [OmnipathR] Loaded from cache: `https://omnipathdb.org/annotations?resources=PanglaoDB&license=academic`
[2024-09-28 21:25:18] [SUCCESS] [OmnipathR] Loaded 109993 annotation records from cache.
