[2024-10-06 04:24:33] [INFO]    [OmnipathR] Welcome to OmnipathR!
[2024-10-06 04:24:33] [TRACE]   [OmnipathR] Reading JSON from `/Users/veronikapak/Library/Caches/OmnipathR/cache.json` (encoding: UTF-8).
[2024-10-06 04:24:33] [TRACE]   [OmnipathR] JSON validation successful: TRUE
[2024-10-06 04:24:33] [INFO]    [OmnipathR] Initialized cache: `/Users/veronikapak/Library/Caches/OmnipathR`.
[2024-10-06 04:24:33] [TRACE]   [OmnipathR] Reading JSON from `/Library/Frameworks/R.framework/Versions/4.3-arm64/Resources/library/OmnipathR/db/db_def.json` (encoding: UTF-8).
[2024-10-06 04:24:33] [TRACE]   [OmnipathR] JSON validation successful: TRUE
[2024-10-06 04:24:33] [TRACE]   [OmnipathR] Reading JSON from `/Library/Frameworks/R.framework/Versions/4.3-arm64/Resources/library/OmnipathR/internal/magic_bytes.json` (encoding: UTF-8).
[2024-10-06 04:24:33] [TRACE]   [OmnipathR] JSON validation successful: TRUE
[2024-10-06 04:24:33] [TRACE]   [OmnipathR] Reading JSON from `/Library/Frameworks/R.framework/Versions/4.3-arm64/Resources/library/OmnipathR/internal/urls.json` (encoding: UTF-8).
[2024-10-06 04:24:33] [TRACE]   [OmnipathR] JSON validation successful: TRUE
[2024-10-06 04:24:33] [TRACE]   [OmnipathR] Reading JSON from `/Library/Frameworks/R.framework/Versions/4.3-arm64/Resources/library/OmnipathR/internal/id_types.json` (encoding: UTF-8).
[2024-10-06 04:24:33] [TRACE]   [OmnipathR] JSON validation successful: TRUE
[2024-10-06 04:24:34] [INFO]    [OmnipathR] Welcome to OmnipathR!
[2024-10-06 04:24:34] [TRACE]   [OmnipathR] Reading JSON from `/Users/veronikapak/Library/Caches/OmnipathR/cache.json` (encoding: UTF-8).
[2024-10-06 04:24:34] [TRACE]   [OmnipathR] JSON validation successful: TRUE
[2024-10-06 04:24:34] [INFO]    [OmnipathR] Initialized cache: `/Users/veronikapak/Library/Caches/OmnipathR`.
[2024-10-06 04:24:34] [TRACE]   [OmnipathR] Reading JSON from `/Library/Frameworks/R.framework/Versions/4.3-arm64/Resources/library/OmnipathR/db/db_def.json` (encoding: UTF-8).
[2024-10-06 04:24:34] [TRACE]   [OmnipathR] JSON validation successful: TRUE
[2024-10-06 04:24:34] [TRACE]   [OmnipathR] Reading JSON from `/Library/Frameworks/R.framework/Versions/4.3-arm64/Resources/library/OmnipathR/internal/magic_bytes.json` (encoding: UTF-8).
[2024-10-06 04:24:34] [TRACE]   [OmnipathR] JSON validation successful: TRUE
[2024-10-06 04:24:34] [TRACE]   [OmnipathR] Reading JSON from `/Library/Frameworks/R.framework/Versions/4.3-arm64/Resources/library/OmnipathR/internal/urls.json` (encoding: UTF-8).
[2024-10-06 04:24:34] [TRACE]   [OmnipathR] JSON validation successful: TRUE
[2024-10-06 04:24:34] [TRACE]   [OmnipathR] Reading JSON from `/Library/Frameworks/R.framework/Versions/4.3-arm64/Resources/library/OmnipathR/internal/id_types.json` (encoding: UTF-8).
[2024-10-06 04:24:34] [TRACE]   [OmnipathR] JSON validation successful: TRUE
[2024-10-06 04:24:35] [INFO]    [OmnipathR] Welcome to OmnipathR!
[2024-10-06 04:24:35] [TRACE]   [OmnipathR] Reading JSON from `/Users/veronikapak/Library/Caches/OmnipathR/cache.json` (encoding: UTF-8).
[2024-10-06 04:24:35] [TRACE]   [OmnipathR] JSON validation successful: TRUE
[2024-10-06 04:24:35] [INFO]    [OmnipathR] Initialized cache: `/Users/veronikapak/Library/Caches/OmnipathR`.
[2024-10-06 04:24:35] [TRACE]   [OmnipathR] Reading JSON from `/Library/Frameworks/R.framework/Versions/4.3-arm64/Resources/library/OmnipathR/db/db_def.json` (encoding: UTF-8).
[2024-10-06 04:24:35] [TRACE]   [OmnipathR] JSON validation successful: TRUE
[2024-10-06 04:24:35] [TRACE]   [OmnipathR] Reading JSON from `/Library/Frameworks/R.framework/Versions/4.3-arm64/Resources/library/OmnipathR/internal/magic_bytes.json` (encoding: UTF-8).
[2024-10-06 04:24:35] [TRACE]   [OmnipathR] JSON validation successful: TRUE
[2024-10-06 04:24:35] [TRACE]   [OmnipathR] Reading JSON from `/Library/Frameworks/R.framework/Versions/4.3-arm64/Resources/library/OmnipathR/internal/urls.json` (encoding: UTF-8).
[2024-10-06 04:24:35] [TRACE]   [OmnipathR] JSON validation successful: TRUE
[2024-10-06 04:24:35] [TRACE]   [OmnipathR] Reading JSON from `/Library/Frameworks/R.framework/Versions/4.3-arm64/Resources/library/OmnipathR/internal/id_types.json` (encoding: UTF-8).
[2024-10-06 04:24:35] [TRACE]   [OmnipathR] JSON validation successful: TRUE
